<?xml version="1.0" encoding="UTF-8"?>
<testsuite xmlns:xsi="http://www.w3.org/2001/XMLSchema-instance" xsi:noNamespaceSchemaLocation="https://maven.apache.org/surefire/maven-surefire-plugin/xsd/surefire-test-report.xsd" name="StepDefinitions.TestRunner" time="85.329" tests="7" errors="0" skipped="0" failures="0">
  <properties>
[...]
</properties>
  <testcase name="google search feature #1" classname="google search feature #1" time="20.245"/>
  <testcase name="google search feature #2" classname="google search feature #1" time="10.182"/>
  <testcase name="google search feature #3" classname="google search feature #1" time="12.284"/>
  <testcase name="google search feature #4" classname="google search feature #1" time="8.529"/>
  <testcase name="google search feature" classname="google search feature #2" time="10.981"/>
  <testcase name="google search feature #1" classname="google search feature #3" time="8.071"/>
  <testcase name="google search feature #2" classname="google search feature #3" time="10.851"/>
</testsuite>